[2018-02-08 10:01:17] send:{"auth":{"appKey":"somur_http","appSecret":"01e382cdc052d8852ed79ef2c0e44a73"},"url":"index\/index\/index","params":{"title":"3333344444"}}
code:111
message:Connect Failed!
trace:array (
  0 => 
  array (
    'file' => '/var/www/choc_http/library/Remote.php',
    'line' => 33,
    'function' => 'exec',
    'class' => 'Coral\\Client\\BaseClient',
    'type' => '->',
    'args' => 
    array (
      0 => '{"auth":{"appKey":"somur_http","appSecret":"01e382cdc052d8852ed79ef2c0e44a73"},"url":"index\\/index\\/index","params":{"title":"3333344444"}}',
    ),
  ),
  1 => 
  array (
    'file' => '/var/www/choc_http/application/controllers/Index.php',
    'line' => 14,
    'function' => 'call',
    'class' => 'Remote',
    'type' => '::',
    'args' => 
    array (
      0 => 'index/index/index',
      1 => 
      array (
        'title' => '3333344444',
      ),
    ),
  ),
  2 => 
  array (
    'function' => 'testAction',
    'class' => 'IndexController',
    'type' => '->',
    'args' => 
    array (
    ),
  ),
  3 => 
  array (
    'file' => '/var/www/choc_http/service/HttpServer.php',
    'line' => 68,
    'function' => 'dispatch',
    'class' => 'Yaf\\Dispatcher',
    'type' => '->',
    'args' => 
    array (
      0 => 
      Yaf\Request\Http::__set_state(array(
         'module' => 'Index',
         'controller' => 'Index',
         'action' => 'test',
         'method' => 'Cli',
         'params' => 
        array (
        ),
         'language' => NULL,
         '_exception' => NULL,
         '_base_uri' => '',
         'uri' => '/index/test',
         'dispatched' => true,
         'routed' => true,
      )),
    ),
  ),
)

[2018-02-08 10:01:19] send:{"auth":{"appKey":"somur_http","appSecret":"01e382cdc052d8852ed79ef2c0e44a73"},"url":"index\/index\/index","params":{"title":"3333344444"}}
code:111
message:Connect Failed!
trace:array (
  0 => 
  array (
    'file' => '/var/www/choc_http/library/Remote.php',
    'line' => 33,
    'function' => 'exec',
    'class' => 'Coral\\Client\\BaseClient',
    'type' => '->',
    'args' => 
    array (
      0 => '{"auth":{"appKey":"somur_http","appSecret":"01e382cdc052d8852ed79ef2c0e44a73"},"url":"index\\/index\\/index","params":{"title":"3333344444"}}',
    ),
  ),
  1 => 
  array (
    'file' => '/var/www/choc_http/application/controllers/Index.php',
    'line' => 14,
    'function' => 'call',
    'class' => 'Remote',
    'type' => '::',
    'args' => 
    array (
      0 => 'index/index/index',
      1 => 
      array (
        'title' => '3333344444',
      ),
    ),
  ),
  2 => 
  array (
    'function' => 'testAction',
    'class' => 'IndexController',
    'type' => '->',
    'args' => 
    array (
    ),
  ),
  3 => 
  array (
    'file' => '/var/www/choc_http/service/HttpServer.php',
    'line' => 68,
    'function' => 'dispatch',
    'class' => 'Yaf\\Dispatcher',
    'type' => '->',
    'args' => 
    array (
      0 => 
      Yaf\Request\Http::__set_state(array(
         'module' => 'Index',
         'controller' => 'Index',
         'action' => 'test',
         'method' => 'Cli',
         'params' => 
        array (
        ),
         'language' => NULL,
         '_exception' => NULL,
         '_base_uri' => '',
         'uri' => '/index/test',
         'dispatched' => true,
         'routed' => true,
      )),
    ),
  ),
)

